Base path: C:/Program Files/Unity/Editor/Data
Pipe name: \\.\pipe\UnityShaderCompiler-64bit-1-11400
Cmd: getPlatforms
Cmd: preprocess
  insize=219 outsize=219 ok=1
Cmd: preprocess
  insize=2317 outsize=849 ok=1
Cmd: compileSnippet
  api=1 type=0 insize=1770 outsize=290 kw= ok=1
Cmd: compileSnippet
  api=1 type=1 insize=1770 outsize=324 kw= ok=1
Cmd: preprocess
  insize=1571 outsize=492 ok=1
Cmd: compileSnippet
  api=1 type=0 insize=1381 outsize=184 kw= ok=1
Cmd: compileSnippet
  api=1 type=1 insize=1381 outsize=468 kw= ok=1
Cmd: preprocess
  insize=2886 outsize=889 ok=1
Cmd: compileSnippet
  api=1 type=0 insize=2301 outsize=428 kw= ok=1
Cmd: compileSnippet
  api=1 type=1 insize=2301 outsize=500 kw= ok=1
Cmd: preprocess
  insize=2330 outsize=478 ok=1
Cmd: compileSnippet
  api=1 type=0 insize=2154 outsize=396 kw= ok=1
Cmd: compileSnippet
  api=1 type=1 insize=2154 outsize=463 kw= ok=1
Cmd: preprocess
  insize=1986 outsize=887 ok=1
Cmd: compileSnippet
  api=1 type=0 insize=1401 outsize=216 kw= ok=1
Cmd: compileSnippet
  api=1 type=1 insize=1401 outsize=277 kw= ok=1
Cmd: preprocess
  insize=1964 outsize=478 ok=1
Cmd: compileSnippet
  api=1 type=0 insize=1788 outsize=290 kw= ok=1
Cmd: compileSnippet
  api=1 type=1 insize=1788 outsize=348 kw= ok=1
Cmd: preprocess
  insize=480 outsize=480 ok=1
Cmd: preprocess
  insize=2450 outsize=535 ok=1
Cmd: compileSnippet
  api=1 type=0 insize=2219 outsize=396 kw= ok=1
Cmd: compileSnippet
  api=1 type=1 insize=2219 outsize=463 kw= ok=1
Cmd: preprocess
  insize=2083 outsize=533 ok=1
Cmd: compileSnippet
  api=1 type=0 insize=1852 outsize=290 kw= ok=1
Cmd: compileSnippet
  api=1 type=1 insize=1852 outsize=348 kw= ok=1
Cmd: preprocess
  insize=1404 outsize=609 ok=1
Cmd: compileSnippet
  api=1 type=0 insize=1097 outsize=231 kw= ok=1
Cmd: compileSnippet
  api=1 type=1 insize=1097 outsize=146 kw= ok=1
Cmd: preprocess
  insize=1452 outsize=830 ok=1
Cmd: compileSnippet
  api=1 type=0 insize=924 outsize=156 kw= ok=1
Cmd: compileSnippet
  api=1 type=1 insize=924 outsize=109 kw= ok=1
Cmd: preprocess
  insize=1503 outsize=625 ok=1
Cmd: compileSnippet
  api=1 type=0 insize=1179 outsize=231 kw= ok=1
Cmd: compileSnippet
  api=1 type=1 insize=1179 outsize=173 kw= ok=1
Cmd: preprocess
  insize=2684 outsize=849 ok=1
Cmd: compileSnippet
  api=1 type=0 insize=2137 outsize=396 kw= ok=1
Cmd: compileSnippet
  api=1 type=1 insize=2137 outsize=439 kw= ok=1
Cmd: preprocess
  insize=1636 outsize=878 ok=1
Cmd: compileSnippet
  api=1 type=0 insize=1060 outsize=188 kw= ok=1
Cmd: compileSnippet
  api=1 type=1 insize=1060 outsize=146 kw= ok=1
Cmd: preprocess
  insize=1560 outsize=533 ok=1
Cmd: compileSnippet
  api=1 type=0 insize=1329 outsize=184 kw= ok=1
Cmd: compileSnippet
  api=1 type=1 insize=1329 outsize=240 kw= ok=1
Cmd: preprocess
  insize=1428 outsize=478 ok=1
Cmd: compileSnippet
  api=1 type=0 insize=1252 outsize=184 kw= ok=1
Cmd: compileSnippet
  api=1 type=1 insize=1252 outsize=240 kw= ok=1
Cmd: preprocess
  insize=3042 outsize=2110 ok=1
Cmd: compileSnippet
  api=1 type=0 insize=7936 outsize=906 kw=DIRECTIONAL SHADOWS_OFF LIGHTMAP_OFF DIRLIGHTMAP_OFF DYNAMICLIGHTMAP_OFF ok=1
Cmd: compileSnippet
  api=1 type=1 insize=7936 outsize=891 kw=DIRECTIONAL SHADOWS_OFF LIGHTMAP_OFF DIRLIGHTMAP_OFF DYNAMICLIGHTMAP_OFF ok=1
Cmd: compileSnippet
  api=1 type=0 insize=5239 outsize=690 kw=POINT ok=1
Cmd: compileSnippet
  api=1 type=1 insize=5239 outsize=1044 kw=POINT ok=1
Cmd: compileSnippet
  api=1 type=0 insize=4540 outsize=917 kw= ok=1
Cmd: compileSnippet
  api=1 type=1 insize=4540 outsize=360 kw= ok=1
Cmd: compileSnippet
  api=1 type=0 insize=7650 outsize=580 kw=DIRECTIONAL SHADOWS_OFF LIGHTMAP_OFF DIRLIGHTMAP_OFF DYNAMICLIGHTMAP_OFF ok=1
Cmd: compileSnippet
  api=1 type=1 insize=7650 outsize=568 kw=DIRECTIONAL SHADOWS_OFF LIGHTMAP_OFF DIRLIGHTMAP_OFF DYNAMICLIGHTMAP_OFF ok=1
Cmd: compileSnippet
  api=1 type=0 insize=4344 outsize=339 kw=POINT ok=1
Cmd: compileSnippet
  api=1 type=1 insize=4344 outsize=744 kw=POINT ok=1
Cmd: compileSnippet
  api=1 type=0 insize=3684 outsize=414 kw= ok=1
Cmd: compileSnippet
  api=1 type=1 insize=3684 outsize=360 kw= ok=1
Cmd: preprocess
  insize=2519 outsize=887 ok=1
Cmd: compileSnippet
  api=1 type=0 insize=1934 outsize=322 kw= ok=1
Cmd: compileSnippet
  api=1 type=1 insize=1934 outsize=385 kw= ok=1
Cmd: preprocess
  insize=1784 outsize=847 ok=1
Cmd: compileSnippet
  api=1 type=0 insize=1237 outsize=184 kw= ok=1
Cmd: compileSnippet
  api=1 type=1 insize=1237 outsize=216 kw= ok=1
Cmd: preprocess
  insize=2474 outsize=494 ok=1
Cmd: compileSnippet
  api=1 type=0 insize=2284 outsize=396 kw= ok=1
Cmd: compileSnippet
  api=1 type=1 insize=2284 outsize=701 kw= ok=1
Cmd: preprocess
  insize=435 outsize=435 ok=1
Cmd: preprocess
  insize=1465 outsize=506 ok=1
Cmd: compileSnippet
  api=1 type=0 insize=1260 outsize=184 kw= ok=1
Cmd: compileSnippet
  api=1 type=1 insize=1260 outsize=438 kw= ok=1
Cmd: preprocess
  insize=1414 outsize=840 ok=1
Cmd: compileSnippet
  api=1 type=0 insize=876 outsize=156 kw= ok=1
Cmd: compileSnippet
  api=1 type=1 insize=876 outsize=88 kw= ok=1
Cmd: preprocess
  insize=2143 outsize=982 ok=1
Cmd: compileSnippet
  api=1 type=0 insize=905 outsize=144 kw= ok=1
Cmd: compileSnippet
  api=1 type=1 insize=905 outsize=81 kw= ok=1
Cmd: compileSnippet
  api=1 type=0 insize=860 outsize=144 kw= ok=1
Cmd: compileSnippet
  api=1 type=1 insize=860 outsize=63 kw= ok=1
Cmd: preprocess
  insize=5950 outsize=3818 ok=1
Cmd: compileSnippet
  api=1 type=0 insize=9434 outsize=1048 kw=DIRECTIONAL LIGHTMAP_OFF DIRLIGHTMAP_OFF DYNAMICLIGHTMAP_OFF ok=1
Cmd: compileSnippet
  api=1 type=1 insize=9434 outsize=1174 kw=DIRECTIONAL LIGHTMAP_OFF DIRLIGHTMAP_OFF DYNAMICLIGHTMAP_OFF ok=1
Cmd: compileSnippet
  api=1 type=0 insize=6625 outsize=852 kw=POINT ok=1
Cmd: compileSnippet
  api=1 type=1 insize=6625 outsize=1307 kw=POINT ok=1
Cmd: compileSnippet
  api=1 type=0 insize=6041 outsize=1127 kw= ok=1
Cmd: compileSnippet
  api=1 type=1 insize=6041 outsize=680 kw= ok=1
Cmd: compileSnippet
  api=1 type=0 insize=8272 outsize=931 kw=DIRECTIONAL LIGHTMAP_OFF DIRLIGHTMAP_OFF DYNAMICLIGHTMAP_OFF ok=1
Cmd: compileSnippet
  api=1 type=1 insize=8272 outsize=1077 kw=DIRECTIONAL LIGHTMAP_OFF DIRLIGHTMAP_OFF DYNAMICLIGHTMAP_OFF ok=1
Cmd: compileSnippet
  api=1 type=0 insize=5550 outsize=715 kw=POINT ok=1
Cmd: compileSnippet
  api=1 type=1 insize=5550 outsize=1195 kw=POINT ok=1
Cmd: compileSnippet
  api=1 type=0 insize=4966 outsize=942 kw= ok=1
Cmd: compileSnippet
  api=1 type=1 insize=4966 outsize=498 kw= ok=1
Cmd: compileSnippet
  api=1 type=0 insize=7321 outsize=605 kw=DIRECTIONAL LIGHTMAP_OFF DIRLIGHTMAP_OFF DYNAMICLIGHTMAP_OFF ok=1
Cmd: compileSnippet
  api=1 type=1 insize=7321 outsize=420 kw=DIRECTIONAL LIGHTMAP_OFF DIRLIGHTMAP_OFF DYNAMICLIGHTMAP_OFF ok=1
Cmd: compileSnippet
  api=1 type=0 insize=4091 outsize=364 kw=POINT ok=1
Cmd: compileSnippet
  api=1 type=1 insize=4091 outsize=567 kw=POINT ok=1
Cmd: compileSnippet
  api=1 type=0 insize=3438 outsize=500 kw= ok=1
Cmd: compileSnippet
  api=1 type=1 insize=3438 outsize=498 kw= ok=1
Cmd: preprocess
  insize=1464 outsize=884 ok=1
Cmd: compileSnippet
  api=1 type=0 insize=882 outsize=156 kw= ok=1
Cmd: compileSnippet
  api=1 type=1 insize=882 outsize=85 kw= ok=1
Cmd: preprocess
  insize=2361 outsize=2709 ok=1
Cmd: compileSnippet
  api=1 type=0 insize=8041 outsize=906 kw=DIRECTIONAL SHADOWS_OFF LIGHTMAP_OFF DIRLIGHTMAP_OFF DYNAMICLIGHTMAP_OFF ok=1
Cmd: compileSnippet
  api=1 type=1 insize=8041 outsize=951 kw=DIRECTIONAL SHADOWS_OFF LIGHTMAP_OFF DIRLIGHTMAP_OFF DYNAMICLIGHTMAP_OFF ok=1
Cmd: compileSnippet
  api=1 type=0 insize=5344 outsize=690 kw=POINT ok=1
Cmd: compileSnippet
  api=1 type=1 insize=5344 outsize=1114 kw=POINT ok=1
Cmd: compileSnippet
  api=1 type=0 insize=4645 outsize=917 kw= ok=1
Cmd: compileSnippet
  api=1 type=1 insize=4645 outsize=396 kw= ok=1
Cmd: compileSnippet
  api=1 type=0 insize=6896 outsize=580 kw=DIRECTIONAL SHADOWS_OFF LIGHTMAP_OFF DIRLIGHTMAP_OFF DYNAMICLIGHTMAP_OFF ok=1
Cmd: compileSnippet
  api=1 type=1 insize=6896 outsize=299 kw=DIRECTIONAL SHADOWS_OFF LIGHTMAP_OFF DIRLIGHTMAP_OFF DYNAMICLIGHTMAP_OFF ok=1
Cmd: compileSnippet
  api=1 type=0 insize=3733 outsize=339 kw=POINT ok=1
Cmd: compileSnippet
  api=1 type=1 insize=3733 outsize=464 kw=POINT ok=1
Cmd: compileSnippet
  api=1 type=0 insize=2891 outsize=293 kw= ok=1
Cmd: compileSnippet
  api=1 type=1 insize=2891 outsize=106 kw= ok=1
Cmd: compileSnippet
  api=1 type=0 insize=6061 outsize=707 kw=LIGHTMAP_OFF DIRLIGHTMAP_OFF DYNAMICLIGHTMAP_OFF HDR_LIGHT_PREPASS_OFF ok=1
Cmd: compileSnippet
  api=1 type=1 insize=6061 outsize=303 kw=LIGHTMAP_OFF DIRLIGHTMAP_OFF DYNAMICLIGHTMAP_OFF HDR_LIGHT_PREPASS_OFF ok=1
Cmd: compileSnippet
  api=1 type=0 insize=6014 outsize=595 kw=LIGHTMAP_OFF DIRLIGHTMAP_OFF DYNAMICLIGHTMAP_OFF HDR_LIGHT_PREPASS_OFF ok=1
Cmd: compileSnippet
  api=1 type=1 insize=6014 outsize=391 kw=LIGHTMAP_OFF DIRLIGHTMAP_OFF DYNAMICLIGHTMAP_OFF HDR_LIGHT_PREPASS_OFF ok=1
Cmd: compileSnippet
  api=1 type=0 insize=3082 outsize=475 kw= ok=1
Cmd: compileSnippet
  api=1 type=1 insize=3082 outsize=396 kw= ok=1
Cmd: preprocess
  insize=1287 outsize=490 ok=1
Cmd: compileSnippet
  api=1 type=0 insize=1099 outsize=231 kw= ok=1
Cmd: compileSnippet
  api=1 type=1 insize=1099 outsize=167 kw= ok=1
Cmd: preprocess
  insize=1232 outsize=482 ok=1
Cmd: compileSnippet
  api=1 type=0 insize=1051 outsize=156 kw= ok=1
Cmd: compileSnippet
  api=1 type=1 insize=1051 outsize=346 kw= ok=1
Cmd: preprocess
  insize=2107 outsize=491 ok=1
Cmd: compileSnippet
  api=1 type=0 insize=1917 outsize=290 kw= ok=1
Cmd: compileSnippet
  api=1 type=1 insize=1917 outsize=586 kw= ok=1
Cmd: preprocess
  insize=1668 outsize=929 ok=1
Cmd: compileSnippet
  api=1 type=0 insize=1041 outsize=169 kw= ok=1
Cmd: compileSnippet
  api=1 type=1 insize=1041 outsize=140 kw= ok=1
Cmd: compileSnippet
  api=1 type=0 insize=541 outsize=832 kw=SHADOWS_DEPTH ok=1
Cmd: compileSnippet
  api=1 type=1 insize=541 outsize=61 kw=SHADOWS_DEPTH ok=1
Cmd: compileSnippet
  api=1 type=0 insize=6810 outsize=580 kw=DIRECTIONAL SHADOWS_OFF LIGHTMAP_OFF DIRLIGHTMAP_OFF DYNAMICLIGHTMAP_OFF ok=1
Cmd: compileSnippet
  api=1 type=1 insize=6810 outsize=263 kw=DIRECTIONAL SHADOWS_OFF LIGHTMAP_OFF DIRLIGHTMAP_OFF DYNAMICLIGHTMAP_OFF ok=1
Cmd: compileSnippet
  api=1 type=0 insize=3647 outsize=339 kw=DIRECTIONAL ok=1
Cmd: compileSnippet
  api=1 type=1 insize=3647 outsize=223 kw=DIRECTIONAL ok=1
Cmd: compileSnippet
  api=1 type=0 insize=7075 outsize=615 kw=DIRECTIONAL SHADOWS_OFF LIGHTMAP_OFF DIRLIGHTMAP_OFF DYNAMICLIGHTMAP_OFF ok=1
Cmd: compileSnippet
  api=1 type=1 insize=7075 outsize=348 kw=DIRECTIONAL SHADOWS_OFF LIGHTMAP_OFF DIRLIGHTMAP_OFF DYNAMICLIGHTMAP_OFF ok=1
Cmd: compileSnippet
  api=1 type=0 insize=3755 outsize=339 kw=DIRECTIONAL ok=1
Cmd: compileSnippet
  api=1 type=1 insize=3755 outsize=226 kw=DIRECTIONAL ok=1
Cmd: compileSnippet
  api=1 type=0 insize=5344 outsize=690 kw=DIRECTIONAL ok=1
Cmd: compileSnippet
  api=1 type=1 insize=5344 outsize=896 kw=DIRECTIONAL ok=1
Cmd: compileSnippet
  api=1 type=0 insize=990 outsize=144 kw= ok=1
Cmd: compileSnippet
  api=1 type=1 insize=990 outsize=103 kw= ok=1
Cmd: compileSnippet
  api=1 type=0 insize=5239 outsize=690 kw=DIRECTIONAL ok=1
Cmd: compileSnippet
  api=1 type=1 insize=5239 outsize=826 kw=DIRECTIONAL ok=1
Cmd: compileSnippet
  api=1 type=0 insize=1329 outsize=495 kw= ok=1
Cmd: compileSnippet
  api=1 type=1 insize=1329 outsize=240 kw= ok=1
Cmd: compileSnippet
  api=1 type=0 insize=1325 outsize=495 kw= ok=1
Cmd: compileSnippet
  api=1 type=1 insize=1325 outsize=240 kw= ok=1
Cmd: compileSnippet
  api=1 type=0 insize=1325 outsize=495 kw= ok=1
Cmd: compileSnippet
  api=1 type=1 insize=1325 outsize=240 kw= ok=1
Cmd: compileSnippet
  api=1 type=0 insize=1329 outsize=495 kw= ok=1
Cmd: compileSnippet
  api=1 type=1 insize=1329 outsize=240 kw= ok=1
Cmd: compileSnippet
  api=1 type=0 insize=1317 outsize=495 kw= ok=1
Cmd: compileSnippet
  api=1 type=1 insize=1317 outsize=240 kw= ok=1
Cmd: compileSnippet
  api=1 type=0 insize=1327 outsize=495 kw= ok=1
Cmd: compileSnippet
  api=1 type=1 insize=1327 outsize=240 kw= ok=1
Cmd: compileSnippet
  api=1 type=0 insize=577 outsize=832 kw=SHADOWS_DEPTH ok=1
Cmd: compileSnippet
  api=1 type=1 insize=577 outsize=61 kw=SHADOWS_DEPTH ok=1
Cmd: compileSnippet
  api=1 type=0 insize=7080 outsize=906 kw=DIRECTIONAL SHADOWS_OFF LIGHTMAP_OFF DIRLIGHTMAP_OFF DYNAMICLIGHTMAP_OFF ok=1
Cmd: compileSnippet
  api=1 type=1 insize=7080 outsize=523 kw=DIRECTIONAL SHADOWS_OFF LIGHTMAP_OFF DIRLIGHTMAP_OFF DYNAMICLIGHTMAP_OFF ok=1
Cmd: compileSnippet
  api=1 type=0 insize=6625 outsize=852 kw=DIRECTIONAL ok=1
Cmd: compileSnippet
  api=1 type=1 insize=6625 outsize=1067 kw=DIRECTIONAL ok=1
Cmd: compileSnippet
  api=1 type=0 insize=751 outsize=814 kw=SHADOWS_DEPTH ok=1
Cmd: compileSnippet
  api=1 type=1 insize=751 outsize=65 kw=SHADOWS_DEPTH ok=1
Cmd: compileSnippet
  api=1 type=0 insize=982 outsize=842 kw=DIRECTIONAL SHADOWS_OFF LIGHTMAP_OFF DIRLIGHTMAP_OFF DYNAMICLIGHTMAP_OFF ok=1
Cmd: compileSnippet
  api=1 type=1 insize=982 outsize=3721 kw=DIRECTIONAL SHADOWS_OFF LIGHTMAP_OFF DIRLIGHTMAP_OFF DYNAMICLIGHTMAP_OFF ok=1
Cmd: compileSnippet
  api=1 type=0 insize=938 outsize=808 kw=DIRECTIONAL SHADOWS_OFF ok=1
Cmd: compileSnippet
  api=1 type=1 insize=938 outsize=2070 kw=DIRECTIONAL SHADOWS_OFF ok=1
Cmd: compileSnippet
  api=1 type=0 insize=9591 outsize=3891 kw=UNITY_COLORSPACE_GAMMA ok=1
Cmd: compileSnippet
  api=1 type=1 insize=9591 outsize=967 kw=UNITY_COLORSPACE_GAMMA ok=1
Cmd: compileSnippet
  api=1 type=0 insize=8064 outsize=923 kw=DIRECTIONAL LIGHTMAP_OFF DIRLIGHTMAP_OFF DYNAMICLIGHTMAP_OFF ok=1
Cmd: compileSnippet
  api=1 type=1 insize=8064 outsize=1167 kw=DIRECTIONAL LIGHTMAP_OFF DIRLIGHTMAP_OFF DYNAMICLIGHTMAP_OFF ok=1
Cmd: compileSnippet
  api=1 type=0 insize=6585 outsize=956 kw=DIRECTIONAL ok=1
Cmd: compileSnippet
  api=1 type=1 insize=6585 outsize=1179 kw=DIRECTIONAL ok=1
Cmd: compileSnippet
  api=1 type=0 insize=982 outsize=842 kw=DIRECTIONAL SHADOWS_OFF LIGHTMAP_OFF DIRLIGHTMAP_OFF DYNAMICLIGHTMAP_OFF _EMISSION ok=1
Cmd: compileSnippet
  api=1 type=1 insize=982 outsize=3775 kw=DIRECTIONAL SHADOWS_OFF LIGHTMAP_OFF DIRLIGHTMAP_OFF DYNAMICLIGHTMAP_OFF _EMISSION ok=1
Cmd: compileSnippet
  api=1 type=0 insize=3647 outsize=339 kw=POINT ok=1
Cmd: compileSnippet
  api=1 type=1 insize=3647 outsize=428 kw=POINT ok=1
Cmd: compileSnippet
  api=1 type=0 insize=938 outsize=901 kw=POINT SHADOWS_OFF ok=1
Cmd: compileSnippet
  api=1 type=1 insize=938 outsize=2142 kw=POINT SHADOWS_OFF ok=1
Cmd: compileSnippet
  api=1 type=0 insize=6810 outsize=708 kw=DIRECTIONAL SHADOWS_SCREEN LIGHTMAP_OFF DIRLIGHTMAP_OFF DYNAMICLIGHTMAP_OFF ok=1
Cmd: compileSnippet
  api=1 type=1 insize=6810 outsize=328 kw=DIRECTIONAL SHADOWS_SCREEN LIGHTMAP_OFF DIRLIGHTMAP_OFF DYNAMICLIGHTMAP_OFF ok=1
Cmd: compileSnippet
  api=1 type=0 insize=982 outsize=991 kw=DIRECTIONAL SHADOWS_SCREEN LIGHTMAP_OFF DIRLIGHTMAP_OFF DYNAMICLIGHTMAP_OFF _EMISSION ok=1
Cmd: compileSnippet
  api=1 type=1 insize=982 outsize=3873 kw=DIRECTIONAL SHADOWS_SCREEN LIGHTMAP_OFF DIRLIGHTMAP_OFF DYNAMICLIGHTMAP_OFF _EMISSION ok=1
Cmd: compileSnippet
  api=1 type=0 insize=751 outsize=199 kw=SHADOWS_CUBE ok=1
Cmd: compileSnippet
  api=1 type=1 insize=751 outsize=98 kw=SHADOWS_CUBE ok=1
Cmd: compileSnippet
  api=1 type=0 insize=541 outsize=172 kw=SHADOWS_CUBE ok=1
Cmd: compileSnippet
  api=1 type=1 insize=541 outsize=97 kw=SHADOWS_CUBE ok=1
Cmd: compileSnippet
  api=1 type=0 insize=938 outsize=943 kw=POINT SHADOWS_CUBE ok=1
Cmd: compileSnippet
  api=1 type=1 insize=938 outsize=2357 kw=POINT SHADOWS_CUBE ok=1
